<?xml version="1.0" encoding="UTF-8"?>
<!-- Generated by org.testng.reporters.JUnitXMLReporter -->
<testsuite ignored="8" hostname="ATMECSINLT-038" failures="10" tests="11" name="Test" time="35.243" errors="0" timestamp="14 Oct 2019 09:03:18 GMT">
  <testcase classname="com.chauhan.Saurabh.HomePagetestscripts" name="homePageRedirection" time="0.063">
    <failure type="java.lang.NullPointerException">
      <![CDATA[java.lang.NullPointerException
at com.chauhan.Saurabh.pages.HomePage.isRedirectionCorrect(HomePage.java:21)
at com.chauhan.Saurabh.HomePagetestscripts.homePageRedirection(HomePagetestscripts.java:44)
... Removed 25 stack frames]]>
    </failure>
  </testcase> <!-- homePageRedirection -->
  <testcase classname="com.chauhan.Saurabh.HomePagetestscripts" name="validateProductAvilability" time="0.0">
    <failure type="org.testng.TestNGException" message="
Method public void com.chauhan.Saurabh.HomePagetestscripts.validateProductAvilability(java.lang.String,java.lang.String,java.lang.String) throws java.lang.InterruptedException requires a @DataProvider named : rightCategory in class com.chauhan.Saurabh.dataProvider.TestDataProvider">
      <![CDATA[org.testng.TestNGException: 
Method public void com.chauhan.Saurabh.HomePagetestscripts.validateProductAvilability(java.lang.String,java.lang.String,java.lang.String) throws java.lang.InterruptedException requires a @DataProvider named : rightCategory in class com.chauhan.Saurabh.dataProvider.TestDataProvider
... Removed 22 stack frames]]>
    </failure>
  </testcase> <!-- validateProductAvilability -->
  <testcase classname="com.chauhan.Saurabh.HomePagetestscripts" name="validateErrorMessage" time="0.0">
    <failure type="org.testng.TestNGException" message="
Method public void com.chauhan.Saurabh.HomePagetestscripts.validateErrorMessage(java.lang.String,java.lang.String,java.lang.String) throws java.lang.InterruptedException requires a @DataProvider named : wrongCategory in class com.chauhan.Saurabh.dataProvider.TestDataProvider">
      <![CDATA[org.testng.TestNGException: 
Method public void com.chauhan.Saurabh.HomePagetestscripts.validateErrorMessage(java.lang.String,java.lang.String,java.lang.String) throws java.lang.InterruptedException requires a @DataProvider named : wrongCategory in class com.chauhan.Saurabh.dataProvider.TestDataProvider
... Removed 22 stack frames]]>
    </failure>
  </testcase> <!-- validateErrorMessage -->
  <testcase classname="com.chauhan.Saurabh.HeroImageProducttestscripts" name="homePageRedirection" time="0.039">
    <failure type="java.lang.AssertionError" message="expected [null] but found [KonaKart]">
      <![CDATA[java.lang.AssertionError: expected [null] but found [KonaKart]
at com.chauhan.Saurabh.pages.HomePage.isRedirectionCorrect(HomePage.java:21)
at com.chauhan.Saurabh.HeroImageProducttestscripts.homePageRedirection(HeroImageProducttestscripts.java:43)
... Removed 31 stack frames]]>
    </failure>
  </testcase> <!-- homePageRedirection -->
  <testcase classname="com.chauhan.Saurabh.HeroImageProducttestscripts" name="validateContents" time="8.452">
    <failure type="java.lang.NullPointerException">
      <![CDATA[java.lang.NullPointerException
at java.base/java.lang.String.contains(String.java:2045)
at com.chauhan.Saurabh.pages.HeroImageProductValidation.validateSpecificationContent(HeroImageProductValidation.java:46)
at com.chauhan.Saurabh.HeroImageProducttestscripts.validateContents(HeroImageProducttestscripts.java:62)
... Removed 25 stack frames]]>
    </failure>
  </testcase> <!-- validateContents -->
  <testcase classname="com.chauhan.Saurabh.HeroImageProducttestscripts" name="validateSortingFunctionality" time="0.169"/>
  <testcase classname="com.chauhan.Saurabh.HeroImageProducttestscripts" name="validateSortingByDate" time="0.455">
    <failure type="org.openqa.selenium.InvalidSelectorException" message="invalid selector: Unable to locate an element with the xpath expression CSS;div#product-reviews-area&amp;gt;div.product-review because of the following error:
SyntaxError: Failed to execute &amp;apos;evaluate&amp;apos; on &amp;apos;Document&amp;apos;: The string &amp;apos;CSS;div#product-reviews-area&amp;gt;div.product-review&amp;apos; is not a valid XPath expression.
  (Session info: chrome=77.0.3865.90)
For documentation on this error, please visit: https://www.seleniumhq.org/exceptions/invalid_selector_exception.html
Build info: version: &amp;apos;3.141.59&amp;apos;, revision: &amp;apos;e82be7d358&amp;apos;, time: &amp;apos;2018-11-14T08:17:03&amp;apos;
System info: host: &amp;apos;ATMECSINLT-038&amp;apos;, ip: &amp;apos;55.55.52.193&amp;apos;, os.name: &amp;apos;Windows 10&amp;apos;, os.arch: &amp;apos;amd64&amp;apos;, os.version: &amp;apos;10.0&amp;apos;, java.version: &amp;apos;12.0.1&amp;apos;
Driver info: org.openqa.selenium.chrome.ChromeDriver
Capabilities {acceptInsecureCerts: false, browserName: chrome, browserVersion: 77.0.3865.90, chrome: {chromedriverVersion: 77.0.3865.40 (f484704e052e0..., userDataDir: C:\Users\SAURAB~1.CHA\AppDa...}, goog:chromeOptions: {debuggerAddress: localhost:56549}, javascriptEnabled: true, networkConnectionEnabled: false, pageLoadStrategy: normal, platform: XP, platformName: XP, proxy: Proxy(), setWindowRect: true, strictFileInteractability: false, timeouts: {implicit: 0, pageLoad: 300000, script: 30000}, unhandledPromptBehavior: dismiss and notify}
Session ID: 3b6d4925adac28749c6b937646254307
*** Element info: {Using=xpath, value=CSS;div#product-reviews-area&amp;gt;div.product-review}">
      <![CDATA[org.openqa.selenium.InvalidSelectorException: invalid selector: Unable to locate an element with the xpath expression CSS;div#product-reviews-area>div.product-review because of the following error:
SyntaxError: Failed to execute 'evaluate' on 'Document': The string 'CSS;div#product-reviews-area>div.product-review' is not a valid XPath expression.
  (Session info: chrome=77.0.3865.90)
For documentation on this error, please visit: https://www.seleniumhq.org/exceptions/invalid_selector_exception.html
Build info: version: '3.141.59', revision: 'e82be7d358', time: '2018-11-14T08:17:03'
System info: host: 'ATMECSINLT-038', ip: '55.55.52.193', os.name: 'Windows 10', os.arch: 'amd64', os.version: '10.0', java.version: '12.0.1'
Driver info: org.openqa.selenium.chrome.ChromeDriver
Capabilities {acceptInsecureCerts: false, browserName: chrome, browserVersion: 77.0.3865.90, chrome: {chromedriverVersion: 77.0.3865.40 (f484704e052e0..., userDataDir: C:\Users\SAURAB~1.CHA\AppDa...}, goog:chromeOptions: {debuggerAddress: localhost:56549}, javascriptEnabled: true, networkConnectionEnabled: false, pageLoadStrategy: normal, platform: XP, platformName: XP, proxy: Proxy(), setWindowRect: true, strictFileInteractability: false, timeouts: {implicit: 0, pageLoad: 300000, script: 30000}, unhandledPromptBehavior: dismiss and notify}
Session ID: 3b6d4925adac28749c6b937646254307
*** Element info: {Using=xpath, value=CSS;div#product-reviews-area>div.product-review}
at org.openqa.selenium.remote.http.W3CHttpResponseCodec.createException(W3CHttpResponseCodec.java:187)
at org.openqa.selenium.remote.http.W3CHttpResponseCodec.decode(W3CHttpResponseCodec.java:122)
at org.openqa.selenium.remote.http.W3CHttpResponseCodec.decode(W3CHttpResponseCodec.java:49)
at org.openqa.selenium.remote.HttpCommandExecutor.execute(HttpCommandExecutor.java:158)
at org.openqa.selenium.remote.service.DriverCommandExecutor.execute(DriverCommandExecutor.java:83)
at org.openqa.selenium.remote.RemoteWebDriver.execute(RemoteWebDriver.java:552)
at org.openqa.selenium.remote.RemoteWebDriver.findElements(RemoteWebDriver.java:353)
at org.openqa.selenium.remote.RemoteWebDriver.findElementsByXPath(RemoteWebDriver.java:432)
at org.openqa.selenium.By$ByXPath.findElements(By.java:348)
at org.openqa.selenium.remote.RemoteWebDriver.findElements(RemoteWebDriver.java:311)
at com.chauhan.Saurabh.helpers.WebUtility.getElementsList(WebUtility.java:250)
at com.chauhan.Saurabh.pages.HeroImageProductValidation.validateDate(HeroImageProductValidation.java:57)
at com.chauhan.Saurabh.HeroImageProducttestscripts.validateSortingByDate(HeroImageProducttestscripts.java:89)
... Removed 30 stack frames]]>
    </failure>
  </testcase> <!-- validateSortingByDate -->
  <testcase classname="com.chauhan.Saurabh.HeroImageProducttestscripts" name="validateSortingByRating" time="4.47">
    <failure type="org.openqa.selenium.InvalidSelectorException" message="invalid selector: Unable to locate an element with the xpath expression CSS;div#product-reviews-area&amp;gt;div.product-review because of the following error:
SyntaxError: Failed to execute &amp;apos;evaluate&amp;apos; on &amp;apos;Document&amp;apos;: The string &amp;apos;CSS;div#product-reviews-area&amp;gt;div.product-review&amp;apos; is not a valid XPath expression.
  (Session info: chrome=77.0.3865.90)
For documentation on this error, please visit: https://www.seleniumhq.org/exceptions/invalid_selector_exception.html
Build info: version: &amp;apos;3.141.59&amp;apos;, revision: &amp;apos;e82be7d358&amp;apos;, time: &amp;apos;2018-11-14T08:17:03&amp;apos;
System info: host: &amp;apos;ATMECSINLT-038&amp;apos;, ip: &amp;apos;55.55.52.193&amp;apos;, os.name: &amp;apos;Windows 10&amp;apos;, os.arch: &amp;apos;amd64&amp;apos;, os.version: &amp;apos;10.0&amp;apos;, java.version: &amp;apos;12.0.1&amp;apos;
Driver info: org.openqa.selenium.chrome.ChromeDriver
Capabilities {acceptInsecureCerts: false, browserName: chrome, browserVersion: 77.0.3865.90, chrome: {chromedriverVersion: 77.0.3865.40 (f484704e052e0..., userDataDir: C:\Users\SAURAB~1.CHA\AppDa...}, goog:chromeOptions: {debuggerAddress: localhost:56549}, javascriptEnabled: true, networkConnectionEnabled: false, pageLoadStrategy: normal, platform: XP, platformName: XP, proxy: Proxy(), setWindowRect: true, strictFileInteractability: false, timeouts: {implicit: 0, pageLoad: 300000, script: 30000}, unhandledPromptBehavior: dismiss and notify}
Session ID: 3b6d4925adac28749c6b937646254307
*** Element info: {Using=xpath, value=CSS;div#product-reviews-area&amp;gt;div.product-review}">
      <![CDATA[org.openqa.selenium.InvalidSelectorException: invalid selector: Unable to locate an element with the xpath expression CSS;div#product-reviews-area>div.product-review because of the following error:
SyntaxError: Failed to execute 'evaluate' on 'Document': The string 'CSS;div#product-reviews-area>div.product-review' is not a valid XPath expression.
  (Session info: chrome=77.0.3865.90)
For documentation on this error, please visit: https://www.seleniumhq.org/exceptions/invalid_selector_exception.html
Build info: version: '3.141.59', revision: 'e82be7d358', time: '2018-11-14T08:17:03'
System info: host: 'ATMECSINLT-038', ip: '55.55.52.193', os.name: 'Windows 10', os.arch: 'amd64', os.version: '10.0', java.version: '12.0.1'
Driver info: org.openqa.selenium.chrome.ChromeDriver
Capabilities {acceptInsecureCerts: false, browserName: chrome, browserVersion: 77.0.3865.90, chrome: {chromedriverVersion: 77.0.3865.40 (f484704e052e0..., userDataDir: C:\Users\SAURAB~1.CHA\AppDa...}, goog:chromeOptions: {debuggerAddress: localhost:56549}, javascriptEnabled: true, networkConnectionEnabled: false, pageLoadStrategy: normal, platform: XP, platformName: XP, proxy: Proxy(), setWindowRect: true, strictFileInteractability: false, timeouts: {implicit: 0, pageLoad: 300000, script: 30000}, unhandledPromptBehavior: dismiss and notify}
Session ID: 3b6d4925adac28749c6b937646254307
*** Element info: {Using=xpath, value=CSS;div#product-reviews-area>div.product-review}
at org.openqa.selenium.remote.http.W3CHttpResponseCodec.createException(W3CHttpResponseCodec.java:187)
at org.openqa.selenium.remote.http.W3CHttpResponseCodec.decode(W3CHttpResponseCodec.java:122)
at org.openqa.selenium.remote.http.W3CHttpResponseCodec.decode(W3CHttpResponseCodec.java:49)
at org.openqa.selenium.remote.HttpCommandExecutor.execute(HttpCommandExecutor.java:158)
at org.openqa.selenium.remote.service.DriverCommandExecutor.execute(DriverCommandExecutor.java:83)
at org.openqa.selenium.remote.RemoteWebDriver.execute(RemoteWebDriver.java:552)
at org.openqa.selenium.remote.RemoteWebDriver.findElements(RemoteWebDriver.java:353)
at org.openqa.selenium.remote.RemoteWebDriver.findElementsByXPath(RemoteWebDriver.java:432)
at org.openqa.selenium.By$ByXPath.findElements(By.java:348)
at org.openqa.selenium.remote.RemoteWebDriver.findElements(RemoteWebDriver.java:311)
at com.chauhan.Saurabh.helpers.WebUtility.getElementsList(WebUtility.java:250)
at com.chauhan.Saurabh.pages.HeroImageProductValidation.validateStarRating(HeroImageProductValidation.java:98)
at com.chauhan.Saurabh.HeroImageProducttestscripts.validateSortingByRating(HeroImageProducttestscripts.java:104)
... Removed 30 stack frames]]>
    </failure>
  </testcase> <!-- validateSortingByRating -->
  <testcase classname="com.chauhan.Saurabh.HomePageComputerPeripherals" name="validateMessage" time="0.0">
    <failure type="org.testng.TestNGException" message="
Method public void com.chauhan.Saurabh.HomePageComputerPeripherals.validateMessage(java.lang.String,java.lang.String,java.lang.String) throws java.lang.InterruptedException requires a @DataProvider named : wrongProduct in class com.chauhan.Saurabh.dataProvider.TestDataProvider">
      <![CDATA[org.testng.TestNGException: 
Method public void com.chauhan.Saurabh.HomePageComputerPeripherals.validateMessage(java.lang.String,java.lang.String,java.lang.String) throws java.lang.InterruptedException requires a @DataProvider named : wrongProduct in class com.chauhan.Saurabh.dataProvider.TestDataProvider
... Removed 22 stack frames]]>
    </failure>
  </testcase> <!-- validateMessage -->
  <testcase classname="com.chauhan.Saurabh.HomePageComputerPeripherals" name="validateProductAvilability" time="0.0">
    <failure type="org.testng.TestNGException" message="
Method public void com.chauhan.Saurabh.HomePageComputerPeripherals.validateProductAvilability(java.lang.String,java.lang.String,java.lang.String) throws java.lang.InterruptedException requires a @DataProvider named : rightProduct in class com.chauhan.Saurabh.dataProvider.TestDataProvider">
      <![CDATA[org.testng.TestNGException: 
Method public void com.chauhan.Saurabh.HomePageComputerPeripherals.validateProductAvilability(java.lang.String,java.lang.String,java.lang.String) throws java.lang.InterruptedException requires a @DataProvider named : rightProduct in class com.chauhan.Saurabh.dataProvider.TestDataProvider
... Removed 22 stack frames]]>
    </failure>
  </testcase> <!-- validateProductAvilability -->
  <testcase classname="com.chauhan.Saurabh.HomePageComputerPeripherals" name="validatePricingSortingFunctionality" time="0.0">
    <failure type="org.testng.TestNGException" message="
Method public void com.chauhan.Saurabh.HomePageComputerPeripherals.validatePricingSortingFunctionality(java.lang.String) throws java.lang.InterruptedException requires a @DataProvider named : pricing in class com.chauhan.Saurabh.dataProvider.TestDataProvider">
      <![CDATA[org.testng.TestNGException: 
Method public void com.chauhan.Saurabh.HomePageComputerPeripherals.validatePricingSortingFunctionality(java.lang.String) throws java.lang.InterruptedException requires a @DataProvider named : pricing in class com.chauhan.Saurabh.dataProvider.TestDataProvider
... Removed 22 stack frames]]>
    </failure>
  </testcase> <!-- validatePricingSortingFunctionality -->
  <testcase classname="com.chauhan.Saurabh.testBase.TestBase" name="@BeforeTest intitailizeBrowser" time="0.0">
    <ignored/>
  </testcase> <!-- @BeforeTest intitailizeBrowser -->
  <testcase classname="com.chauhan.Saurabh.testBase.TestBase" name="@BeforeTest intitailizeBrowser" time="0.0">
    <ignored/>
  </testcase> <!-- @BeforeTest intitailizeBrowser -->
  <testcase classname="com.chauhan.Saurabh.extentReports.ExtentReport" name="@BeforeSuite startReport" time="0.0">
    <ignored/>
  </testcase> <!-- @BeforeSuite startReport -->
  <testcase classname="com.chauhan.Saurabh.extentReports.ExtentReport" name="@BeforeSuite startReport" time="0.0">
    <ignored/>
  </testcase> <!-- @BeforeSuite startReport -->
  <testcase classname="com.chauhan.Saurabh.extentReports.ExtentReport" name="@AfterTest print" time="0.0">
    <ignored/>
  </testcase> <!-- @AfterTest print -->
  <testcase classname="com.chauhan.Saurabh.extentReports.ExtentReport" name="@AfterTest print" time="0.0">
    <ignored/>
  </testcase> <!-- @AfterTest print -->
  <testcase classname="com.chauhan.Saurabh.extentReports.ExtentReport" name="@AfterSuite endReport" time="0.0">
    <ignored/>
  </testcase> <!-- @AfterSuite endReport -->
  <testcase classname="com.chauhan.Saurabh.extentReports.ExtentReport" name="@AfterSuite endReport" time="0.0">
    <ignored/>
  </testcase> <!-- @AfterSuite endReport -->
</testsuite> <!-- Test -->
