<?xml version="1.0" encoding="UTF-8"?>
<testng-results ignored="0" total="19" passed="18" failed="1" skipped="0">
  <reporter-output>
  </reporter-output>
  <suite started-at="2019-10-16T11:41:51Z" name="Suite" finished-at="2019-10-16T11:44:27Z" duration-ms="155815">
    <groups>
    </groups>
    <test started-at="2019-10-16T11:41:51Z" name="HomepageTest" finished-at="2019-10-16T11:42:31Z" duration-ms="40438">
      <class name="com.chauhan.Saurabh.HomePagetestscripts">
        <test-method is-config="true" signature="intitailizeBrowser()[pri:0, instance:com.chauhan.Saurabh.HomePagetestscripts@279ad2e3]" started-at="2019-10-16T11:41:51Z" name="intitailizeBrowser" finished-at="2019-10-16T11:42:05Z" duration-ms="13748" status="PASS">
          <reporter-output>
          </reporter-output>
        </test-method> <!-- intitailizeBrowser -->
        <test-method is-config="true" signature="loadLocatorsFile()[pri:0, instance:com.chauhan.Saurabh.HomePagetestscripts@279ad2e3]" started-at="2019-10-16T11:42:05Z" name="loadLocatorsFile" finished-at="2019-10-16T11:42:05Z" depends-on-methods="com.chauhan.Saurabh.testBase.TestBase.intitailizeBrowser" duration-ms="41" status="PASS">
          <reporter-output>
          </reporter-output>
        </test-method> <!-- loadLocatorsFile -->
        <test-method signature="homePageRedirection()[pri:1, instance:com.chauhan.Saurabh.HomePagetestscripts@279ad2e3]" started-at="2019-10-16T11:42:05Z" name="homePageRedirection" finished-at="2019-10-16T11:42:05Z" duration-ms="57" status="PASS">
          <reporter-output>
          </reporter-output>
        </test-method> <!-- homePageRedirection -->
        <test-method is-config="true" signature="tearDown(org.testng.ITestResult)[pri:0, instance:com.chauhan.Saurabh.HomePagetestscripts@279ad2e3]" started-at="2019-10-16T11:42:05Z" name="tearDown" finished-at="2019-10-16T11:42:05Z" duration-ms="6" status="PASS">
          <params>
            <param index="0">
              <value>
                <![CDATA[[TestResult name=homePageRedirection status=SUCCESS method=HomePagetestscripts.homePageRedirection()[pri:1, instance:com.chauhan.Saurabh.HomePagetestscripts@279ad2e3] output={null}]]]>
              </value>
            </param>
          </params>
          <reporter-output>
          </reporter-output>
        </test-method> <!-- tearDown -->
        <test-method signature="validateProductAvilability(java.lang.String, java.lang.String, java.lang.String)[pri:2, instance:com.chauhan.Saurabh.HomePagetestscripts@279ad2e3]" started-at="2019-10-16T11:42:06Z" name="validateProductAvilability" data-provider="rightCategory" finished-at="2019-10-16T11:42:15Z" duration-ms="9374" status="FAIL">
          <params>
            <param index="0">
              <value>
                <![CDATA[Computer Peripherals]]>
              </value>
            </param>
            <param index="1">
              <value>
                <![CDATA[graphics Cards]]>
              </value>
            </param>
            <param index="2">
              <value>
                <![CDATA[Matrox G200 MMS]]>
              </value>
            </param>
          </params>
          <exception class="org.openqa.selenium.NoSuchElementException">
            <message>
              <![CDATA[Unable to find element with xpath == //a[text()='Matrox G200 MMS']
For documentation on this error, please visit: https://www.seleniumhq.org/exceptions/no_such_element.html
Build info: version: '3.141.59', revision: 'e82be7d358', time: '2018-11-14T08:17:03'
System info: host: 'ATMECSINLT-038', ip: '55.55.52.193', os.name: 'Windows 10', os.arch: 'amd64', os.version: '10.0', java.version: '12.0.1'
Driver info: org.openqa.selenium.ie.InternetExplorerDriver
Capabilities {acceptInsecureCerts: false, browserName: internet explorer, browserVersion: 11, javascriptEnabled: true, pageLoadStrategy: normal, platform: WINDOWS, platformName: WINDOWS, proxy: Proxy(), se:ieOptions: {browserAttachTimeout: 0, elementScrollBehavior: 0, enablePersistentHover: true, ie.browserCommandLineSwitches: , ie.ensureCleanSession: false, ie.fileUploadDialogTimeout: 3000, ie.forceCreateProcessApi: false, ignoreProtectedModeSettings: false, ignoreZoomSetting: false, initialBrowserUrl: https://www.konakart.com/ko..., nativeEvents: true, requireWindowFocus: false}, setWindowRect: true, timeouts: {implicit: 0, pageLoad: 300000, script: 30000}}
Session ID: b925097c-ce89-40bf-8cbc-dfdd2ce10f45
*** Element info: {Using=xpath, value=//a[text()='Matrox G200 MMS']}]]>
            </message>
            <full-stacktrace>
              <![CDATA[org.openqa.selenium.NoSuchElementException: Unable to find element with xpath == //a[text()='Matrox G200 MMS']
For documentation on this error, please visit: https://www.seleniumhq.org/exceptions/no_such_element.html
Build info: version: '3.141.59', revision: 'e82be7d358', time: '2018-11-14T08:17:03'
System info: host: 'ATMECSINLT-038', ip: '55.55.52.193', os.name: 'Windows 10', os.arch: 'amd64', os.version: '10.0', java.version: '12.0.1'
Driver info: org.openqa.selenium.ie.InternetExplorerDriver
Capabilities {acceptInsecureCerts: false, browserName: internet explorer, browserVersion: 11, javascriptEnabled: true, pageLoadStrategy: normal, platform: WINDOWS, platformName: WINDOWS, proxy: Proxy(), se:ieOptions: {browserAttachTimeout: 0, elementScrollBehavior: 0, enablePersistentHover: true, ie.browserCommandLineSwitches: , ie.ensureCleanSession: false, ie.fileUploadDialogTimeout: 3000, ie.forceCreateProcessApi: false, ignoreProtectedModeSettings: false, ignoreZoomSetting: false, initialBrowserUrl: https://www.konakart.com/ko..., nativeEvents: true, requireWindowFocus: false}, setWindowRect: true, timeouts: {implicit: 0, pageLoad: 300000, script: 30000}}
Session ID: b925097c-ce89-40bf-8cbc-dfdd2ce10f45
*** Element info: {Using=xpath, value=//a[text()='Matrox G200 MMS']}
at java.base/jdk.internal.reflect.NativeConstructorAccessorImpl.newInstance0(Native Method)
at java.base/jdk.internal.reflect.NativeConstructorAccessorImpl.newInstance(NativeConstructorAccessorImpl.java:62)
at java.base/jdk.internal.reflect.DelegatingConstructorAccessorImpl.newInstance(DelegatingConstructorAccessorImpl.java:45)
at java.base/java.lang.reflect.Constructor.newInstanceWithCaller(Constructor.java:500)
at java.base/java.lang.reflect.Constructor.newInstance(Constructor.java:481)
at org.openqa.selenium.remote.http.W3CHttpResponseCodec.createException(W3CHttpResponseCodec.java:187)
at org.openqa.selenium.remote.http.W3CHttpResponseCodec.decode(W3CHttpResponseCodec.java:122)
at org.openqa.selenium.remote.http.W3CHttpResponseCodec.decode(W3CHttpResponseCodec.java:49)
at org.openqa.selenium.remote.HttpCommandExecutor.execute(HttpCommandExecutor.java:158)
at org.openqa.selenium.remote.service.DriverCommandExecutor.execute(DriverCommandExecutor.java:83)
at org.openqa.selenium.remote.RemoteWebDriver.execute(RemoteWebDriver.java:552)
at org.openqa.selenium.remote.RemoteWebDriver.findElement(RemoteWebDriver.java:323)
at org.openqa.selenium.remote.RemoteWebDriver.findElementByXPath(RemoteWebDriver.java:428)
at org.openqa.selenium.By$ByXPath.findElement(By.java:353)
at org.openqa.selenium.remote.RemoteWebDriver.findElement(RemoteWebDriver.java:315)
at com.chauhan.Saurabh.helpers.WebUtility.selectSelectorType(WebUtility.java:94)
at com.chauhan.Saurabh.helpers.WebUtility.getText(WebUtility.java:176)
at com.chauhan.Saurabh.pages.HomePage.isProductAvailable(HomePage.java:34)
at com.chauhan.Saurabh.HomePagetestscripts.validateProductAvilability(HomePagetestscripts.java:63)
at java.base/jdk.internal.reflect.NativeMethodAccessorImpl.invoke0(Native Method)
at java.base/jdk.internal.reflect.NativeMethodAccessorImpl.invoke(NativeMethodAccessorImpl.java:62)
at java.base/jdk.internal.reflect.DelegatingMethodAccessorImpl.invoke(DelegatingMethodAccessorImpl.java:43)
at java.base/java.lang.reflect.Method.invoke(Method.java:567)
at org.testng.internal.MethodInvocationHelper.invokeMethod(MethodInvocationHelper.java:124)
at org.testng.internal.Invoker.invokeMethod(Invoker.java:583)
at org.testng.internal.Invoker.invokeTestMethod(Invoker.java:719)
at org.testng.internal.Invoker.invokeTestMethods(Invoker.java:989)
at org.testng.internal.TestMethodWorker.invokeTestMethods(TestMethodWorker.java:125)
at org.testng.internal.TestMethodWorker.run(TestMethodWorker.java:109)
at org.testng.TestRunner.privateRun(TestRunner.java:648)
at org.testng.TestRunner.run(TestRunner.java:505)
at org.testng.SuiteRunner.runTest(SuiteRunner.java:455)
at org.testng.SuiteRunner.runSequentially(SuiteRunner.java:450)
at org.testng.SuiteRunner.privateRun(SuiteRunner.java:415)
at org.testng.SuiteRunner.run(SuiteRunner.java:364)
at org.testng.SuiteRunnerWorker.runSuite(SuiteRunnerWorker.java:52)
at org.testng.SuiteRunnerWorker.run(SuiteRunnerWorker.java:84)
at org.testng.TestNG.runSuitesSequentially(TestNG.java:1208)
at org.testng.TestNG.runSuitesLocally(TestNG.java:1137)
at org.testng.TestNG.runSuites(TestNG.java:1049)
at org.testng.TestNG.run(TestNG.java:1017)
at org.apache.maven.surefire.testng.TestNGExecutor.run(TestNGExecutor.java:283)
at org.apache.maven.surefire.testng.TestNGXmlTestSuite.execute(TestNGXmlTestSuite.java:75)
at org.apache.maven.surefire.testng.TestNGProvider.invoke(TestNGProvider.java:120)
at org.apache.maven.surefire.booter.ForkedBooter.invokeProviderInSameClassLoader(ForkedBooter.java:384)
at org.apache.maven.surefire.booter.ForkedBooter.runSuitesInProcess(ForkedBooter.java:345)
at org.apache.maven.surefire.booter.ForkedBooter.execute(ForkedBooter.java:126)
at org.apache.maven.surefire.booter.ForkedBooter.main(ForkedBooter.java:418)
]]>
            </full-stacktrace>
          </exception> <!-- org.openqa.selenium.NoSuchElementException -->
          <reporter-output>
          </reporter-output>
        </test-method> <!-- validateProductAvilability -->
        <test-method is-config="true" signature="tearDown(org.testng.ITestResult)[pri:0, instance:com.chauhan.Saurabh.HomePagetestscripts@279ad2e3]" started-at="2019-10-16T11:42:15Z" name="tearDown" finished-at="2019-10-16T11:42:16Z" duration-ms="335" status="PASS">
          <params>
            <param index="0">
              <value>
                <![CDATA[[TestResult name=validateProductAvilability status=FAILURE method=HomePagetestscripts.validateProductAvilability(java.lang.String, java.lang.String, java.lang.String)[pri:2, instance:com.chauhan.Saurabh.HomePagetestscripts@279ad2e3] output={null}]]]>
              </value>
            </param>
          </params>
          <reporter-output>
          </reporter-output>
        </test-method> <!-- tearDown -->
        <test-method signature="validateProductAvilability(java.lang.String, java.lang.String, java.lang.String)[pri:2, instance:com.chauhan.Saurabh.HomePagetestscripts@279ad2e3]" started-at="2019-10-16T11:42:16Z" name="validateProductAvilability" data-provider="rightCategory" finished-at="2019-10-16T11:42:20Z" duration-ms="4586" status="PASS">
          <params>
            <param index="0">
              <value>
                <![CDATA[Home & Garden]]>
              </value>
            </param>
            <param index="1">
              <value>
                <![CDATA[clock]]>
              </value>
            </param>
            <param index="2">
              <value>
                <![CDATA[Cadiz Clock]]>
              </value>
            </param>
          </params>
          <reporter-output>
          </reporter-output>
        </test-method> <!-- validateProductAvilability -->
        <test-method is-config="true" signature="tearDown(org.testng.ITestResult)[pri:0, instance:com.chauhan.Saurabh.HomePagetestscripts@279ad2e3]" started-at="2019-10-16T11:42:20Z" name="tearDown" finished-at="2019-10-16T11:42:20Z" duration-ms="0" status="PASS">
          <params>
            <param index="0">
              <value>
                <![CDATA[[TestResult name=validateProductAvilability status=SUCCESS method=HomePagetestscripts.validateProductAvilability(java.lang.String, java.lang.String, java.lang.String)[pri:2, instance:com.chauhan.Saurabh.HomePagetestscripts@279ad2e3] output={null}]]]>
              </value>
            </param>
          </params>
          <reporter-output>
          </reporter-output>
        </test-method> <!-- tearDown -->
        <test-method signature="validateProductAvilability(java.lang.String, java.lang.String, java.lang.String)[pri:2, instance:com.chauhan.Saurabh.HomePagetestscripts@279ad2e3]" started-at="2019-10-16T11:42:20Z" name="validateProductAvilability" data-provider="rightCategory" finished-at="2019-10-16T11:42:23Z" duration-ms="2904" status="PASS">
          <params>
            <param index="0">
              <value>
                <![CDATA[Games]]>
              </value>
            </param>
            <param index="1">
              <value>
                <![CDATA[call Of DUTY]]>
              </value>
            </param>
            <param index="2">
              <value>
                <![CDATA[Call Of Duty]]>
              </value>
            </param>
          </params>
          <reporter-output>
          </reporter-output>
        </test-method> <!-- validateProductAvilability -->
        <test-method is-config="true" signature="tearDown(org.testng.ITestResult)[pri:0, instance:com.chauhan.Saurabh.HomePagetestscripts@279ad2e3]" started-at="2019-10-16T11:42:23Z" name="tearDown" finished-at="2019-10-16T11:42:23Z" duration-ms="1" status="PASS">
          <params>
            <param index="0">
              <value>
                <![CDATA[[TestResult name=validateProductAvilability status=SUCCESS method=HomePagetestscripts.validateProductAvilability(java.lang.String, java.lang.String, java.lang.String)[pri:2, instance:com.chauhan.Saurabh.HomePagetestscripts@279ad2e3] output={null}]]]>
              </value>
            </param>
          </params>
          <reporter-output>
          </reporter-output>
        </test-method> <!-- tearDown -->
        <test-method signature="validateProductAvilability(java.lang.String, java.lang.String, java.lang.String)[pri:2, instance:com.chauhan.Saurabh.HomePagetestscripts@279ad2e3]" started-at="2019-10-16T11:42:23Z" name="validateProductAvilability" data-provider="rightCategory" finished-at="2019-10-16T11:42:26Z" duration-ms="2789" status="PASS">
          <params>
            <param index="0">
              <value>
                <![CDATA[Software]]>
              </value>
            </param>
            <param index="1">
              <value>
                <![CDATA[windows 8]]>
              </value>
            </param>
            <param index="2">
              <value>
                <![CDATA[Windows 8]]>
              </value>
            </param>
          </params>
          <reporter-output>
          </reporter-output>
        </test-method> <!-- validateProductAvilability -->
        <test-method is-config="true" signature="tearDown(org.testng.ITestResult)[pri:0, instance:com.chauhan.Saurabh.HomePagetestscripts@279ad2e3]" started-at="2019-10-16T11:42:26Z" name="tearDown" finished-at="2019-10-16T11:42:26Z" duration-ms="1" status="PASS">
          <params>
            <param index="0">
              <value>
                <![CDATA[[TestResult name=validateProductAvilability status=SUCCESS method=HomePagetestscripts.validateProductAvilability(java.lang.String, java.lang.String, java.lang.String)[pri:2, instance:com.chauhan.Saurabh.HomePagetestscripts@279ad2e3] output={null}]]]>
              </value>
            </param>
          </params>
          <reporter-output>
          </reporter-output>
        </test-method> <!-- tearDown -->
        <test-method signature="validateErrorMessage(java.lang.String, java.lang.String, java.lang.String)[pri:3, instance:com.chauhan.Saurabh.HomePagetestscripts@279ad2e3]" started-at="2019-10-16T11:42:26Z" name="validateErrorMessage" data-provider="wrongCategory" finished-at="2019-10-16T11:42:29Z" duration-ms="2639" status="PASS">
          <params>
            <param index="0">
              <value>
                <![CDATA[Computer Peripherals]]>
              </value>
            </param>
            <param index="1">
              <value>
                <![CDATA[gyuwdwfduygbed]]>
              </value>
            </param>
            <param index="2">
              <value>
                <![CDATA[There are no available products.]]>
              </value>
            </param>
          </params>
          <reporter-output>
          </reporter-output>
        </test-method> <!-- validateErrorMessage -->
        <test-method is-config="true" signature="tearDown(org.testng.ITestResult)[pri:0, instance:com.chauhan.Saurabh.HomePagetestscripts@279ad2e3]" started-at="2019-10-16T11:42:29Z" name="tearDown" finished-at="2019-10-16T11:42:29Z" duration-ms="0" status="PASS">
          <params>
            <param index="0">
              <value>
                <![CDATA[[TestResult name=validateErrorMessage status=SUCCESS method=HomePagetestscripts.validateErrorMessage(java.lang.String, java.lang.String, java.lang.String)[pri:3, instance:com.chauhan.Saurabh.HomePagetestscripts@279ad2e3] output={null}]]]>
              </value>
            </param>
          </params>
          <reporter-output>
          </reporter-output>
        </test-method> <!-- tearDown -->
        <test-method signature="validateErrorMessage(java.lang.String, java.lang.String, java.lang.String)[pri:3, instance:com.chauhan.Saurabh.HomePagetestscripts@279ad2e3]" started-at="2019-10-16T11:42:29Z" name="validateErrorMessage" data-provider="wrongCategory" finished-at="2019-10-16T11:42:31Z" duration-ms="2702" status="PASS">
          <params>
            <param index="0">
              <value>
                <![CDATA[Computer Peripherals]]>
              </value>
            </param>
            <param index="1">
              <value>
                <![CDATA[gywdcygvgy]]>
              </value>
            </param>
            <param index="2">
              <value>
                <![CDATA[There are no available products.]]>
              </value>
            </param>
          </params>
          <reporter-output>
          </reporter-output>
        </test-method> <!-- validateErrorMessage -->
        <test-method is-config="true" signature="tearDown(org.testng.ITestResult)[pri:0, instance:com.chauhan.Saurabh.HomePagetestscripts@279ad2e3]" started-at="2019-10-16T11:42:31Z" name="tearDown" finished-at="2019-10-16T11:42:31Z" duration-ms="1" status="PASS">
          <params>
            <param index="0">
              <value>
                <![CDATA[[TestResult name=validateErrorMessage status=SUCCESS method=HomePagetestscripts.validateErrorMessage(java.lang.String, java.lang.String, java.lang.String)[pri:3, instance:com.chauhan.Saurabh.HomePagetestscripts@279ad2e3] output={null}]]]>
              </value>
            </param>
          </params>
          <reporter-output>
          </reporter-output>
        </test-method> <!-- tearDown -->
        <test-method is-config="true" signature="print()[pri:0, instance:com.chauhan.Saurabh.HomePagetestscripts@279ad2e3]" started-at="2019-10-16T11:42:31Z" name="print" finished-at="2019-10-16T11:42:31Z" duration-ms="0" status="PASS">
          <reporter-output>
          </reporter-output>
        </test-method> <!-- print -->
      </class> <!-- com.chauhan.Saurabh.HomePagetestscripts -->
    </test> <!-- HomepageTest -->
    <test started-at="2019-10-16T11:42:32Z" name="ComputerPeripheralsTest" finished-at="2019-10-16T11:43:55Z" duration-ms="83846">
      <class name="com.chauhan.Saurabh.HomePageComputerPeripherals">
        <test-method is-config="true" signature="intitailizeBrowser()[pri:0, instance:com.chauhan.Saurabh.HomePageComputerPeripherals@2ea6137]" started-at="2019-10-16T11:42:32Z" name="intitailizeBrowser" finished-at="2019-10-16T11:42:36Z" duration-ms="4860" status="PASS">
          <reporter-output>
          </reporter-output>
        </test-method> <!-- intitailizeBrowser -->
        <test-method is-config="true" signature="loadLocatorsFile()[pri:0, instance:com.chauhan.Saurabh.HomePageComputerPeripherals@2ea6137]" started-at="2019-10-16T11:42:36Z" name="loadLocatorsFile" finished-at="2019-10-16T11:42:36Z" depends-on-methods="com.chauhan.Saurabh.testBase.TestBase.intitailizeBrowser" duration-ms="6" status="PASS">
          <reporter-output>
          </reporter-output>
        </test-method> <!-- loadLocatorsFile -->
        <test-method signature="validateMessage(java.lang.String, java.lang.String, java.lang.String)[pri:9, instance:com.chauhan.Saurabh.HomePageComputerPeripherals@2ea6137]" started-at="2019-10-16T11:42:36Z" name="validateMessage" data-provider="wrongProduct" finished-at="2019-10-16T11:42:40Z" duration-ms="3108" status="PASS">
          <params>
            <param index="0">
              <value>
                <![CDATA[Computer Peripherals]]>
              </value>
            </param>
            <param index="1">
              <value>
                <![CDATA[graphics cards]]>
              </value>
            </param>
            <param index="2">
              <value>
                <![CDATA[No products were found for your search]]>
              </value>
            </param>
          </params>
          <reporter-output>
          </reporter-output>
        </test-method> <!-- validateMessage -->
        <test-method is-config="true" signature="tearDown(org.testng.ITestResult)[pri:0, instance:com.chauhan.Saurabh.HomePageComputerPeripherals@2ea6137]" started-at="2019-10-16T11:42:40Z" name="tearDown" finished-at="2019-10-16T11:42:40Z" duration-ms="1" status="PASS">
          <params>
            <param index="0">
              <value>
                <![CDATA[[TestResult name=validateMessage status=SUCCESS method=HomePageComputerPeripherals.validateMessage(java.lang.String, java.lang.String, java.lang.String)[pri:9, instance:com.chauhan.Saurabh.HomePageComputerPeripherals@2ea6137] output={null}]]]>
              </value>
            </param>
          </params>
          <reporter-output>
          </reporter-output>
        </test-method> <!-- tearDown -->
        <test-method signature="validateProductAvilability(java.lang.String, java.lang.String, java.lang.String)[pri:10, instance:com.chauhan.Saurabh.HomePageComputerPeripherals@2ea6137]" started-at="2019-10-16T11:42:40Z" name="validateProductAvilability" data-provider="rightProduct" finished-at="2019-10-16T11:42:45Z" duration-ms="5115" status="PASS">
          <params>
            <param index="0">
              <value>
                <![CDATA[Computer Peripherals]]>
              </value>
            </param>
            <param index="1">
              <value>
                <![CDATA[graphics cards]]>
              </value>
            </param>
            <param index="2">
              <value>
                <![CDATA[Matrox G200 MMS]]>
              </value>
            </param>
          </params>
          <reporter-output>
          </reporter-output>
        </test-method> <!-- validateProductAvilability -->
        <test-method is-config="true" signature="tearDown(org.testng.ITestResult)[pri:0, instance:com.chauhan.Saurabh.HomePageComputerPeripherals@2ea6137]" started-at="2019-10-16T11:42:45Z" name="tearDown" finished-at="2019-10-16T11:42:45Z" duration-ms="0" status="PASS">
          <params>
            <param index="0">
              <value>
                <![CDATA[[TestResult name=validateProductAvilability status=SUCCESS method=HomePageComputerPeripherals.validateProductAvilability(java.lang.String, java.lang.String, java.lang.String)[pri:10, instance:com.chauhan.Saurabh.HomePageComputerPeripherals@2ea6137] output={null}]]]>
              </value>
            </param>
          </params>
          <reporter-output>
          </reporter-output>
        </test-method> <!-- tearDown -->
        <test-method signature="validatePricingSortingFunctionality(java.lang.String)[pri:11, instance:com.chauhan.Saurabh.HomePageComputerPeripherals@2ea6137]" started-at="2019-10-16T11:42:45Z" name="validatePricingSortingFunctionality" data-provider="pricing" finished-at="2019-10-16T11:43:00Z" duration-ms="14771" status="PASS">
          <params>
            <param index="0">
              <value>
                <![CDATA[30]]>
              </value>
            </param>
          </params>
          <reporter-output>
          </reporter-output>
        </test-method> <!-- validatePricingSortingFunctionality -->
        <test-method is-config="true" signature="tearDown(org.testng.ITestResult)[pri:0, instance:com.chauhan.Saurabh.HomePageComputerPeripherals@2ea6137]" started-at="2019-10-16T11:43:00Z" name="tearDown" finished-at="2019-10-16T11:43:00Z" duration-ms="1" status="PASS">
          <params>
            <param index="0">
              <value>
                <![CDATA[[TestResult name=validatePricingSortingFunctionality status=SUCCESS method=HomePageComputerPeripherals.validatePricingSortingFunctionality(java.lang.String)[pri:11, instance:com.chauhan.Saurabh.HomePageComputerPeripherals@2ea6137] output={null}]]]>
              </value>
            </param>
          </params>
          <reporter-output>
          </reporter-output>
        </test-method> <!-- tearDown -->
        <test-method signature="validatePricingSortingFunctionality(java.lang.String)[pri:11, instance:com.chauhan.Saurabh.HomePageComputerPeripherals@2ea6137]" started-at="2019-10-16T11:43:00Z" name="validatePricingSortingFunctionality" data-provider="pricing" finished-at="2019-10-16T11:43:13Z" duration-ms="13498" status="PASS">
          <params>
            <param index="0">
              <value>
                <![CDATA[32]]>
              </value>
            </param>
          </params>
          <reporter-output>
          </reporter-output>
        </test-method> <!-- validatePricingSortingFunctionality -->
        <test-method signature="validatePricingSortingFunctionality(java.lang.String)[pri:11, instance:com.chauhan.Saurabh.HomePageComputerPeripherals@2ea6137]" started-at="2019-10-16T11:43:13Z" name="validatePricingSortingFunctionality" data-provider="pricing" finished-at="2019-10-16T11:43:27Z" duration-ms="14212" status="PASS">
          <params>
            <param index="0">
              <value>
                <![CDATA[35]]>
              </value>
            </param>
          </params>
          <reporter-output>
          </reporter-output>
        </test-method> <!-- validatePricingSortingFunctionality -->
        <test-method is-config="true" signature="tearDown(org.testng.ITestResult)[pri:0, instance:com.chauhan.Saurabh.HomePageComputerPeripherals@2ea6137]" started-at="2019-10-16T11:43:13Z" name="tearDown" finished-at="2019-10-16T11:43:13Z" duration-ms="0" status="PASS">
          <params>
            <param index="0">
              <value>
                <![CDATA[[TestResult name=validatePricingSortingFunctionality status=SUCCESS method=HomePageComputerPeripherals.validatePricingSortingFunctionality(java.lang.String)[pri:11, instance:com.chauhan.Saurabh.HomePageComputerPeripherals@2ea6137] output={null}]]]>
              </value>
            </param>
          </params>
          <reporter-output>
          </reporter-output>
        </test-method> <!-- tearDown -->
        <test-method is-config="true" signature="tearDown(org.testng.ITestResult)[pri:0, instance:com.chauhan.Saurabh.HomePageComputerPeripherals@2ea6137]" started-at="2019-10-16T11:43:27Z" name="tearDown" finished-at="2019-10-16T11:43:27Z" duration-ms="1" status="PASS">
          <params>
            <param index="0">
              <value>
                <![CDATA[[TestResult name=validatePricingSortingFunctionality status=SUCCESS method=HomePageComputerPeripherals.validatePricingSortingFunctionality(java.lang.String)[pri:11, instance:com.chauhan.Saurabh.HomePageComputerPeripherals@2ea6137] output={null}]]]>
              </value>
            </param>
          </params>
          <reporter-output>
          </reporter-output>
        </test-method> <!-- tearDown -->
        <test-method signature="validatePricingSortingFunctionality(java.lang.String)[pri:11, instance:com.chauhan.Saurabh.HomePageComputerPeripherals@2ea6137]" started-at="2019-10-16T11:43:27Z" name="validatePricingSortingFunctionality" data-provider="pricing" finished-at="2019-10-16T11:43:41Z" duration-ms="13986" status="PASS">
          <params>
            <param index="0">
              <value>
                <![CDATA[40]]>
              </value>
            </param>
          </params>
          <reporter-output>
          </reporter-output>
        </test-method> <!-- validatePricingSortingFunctionality -->
        <test-method is-config="true" signature="tearDown(org.testng.ITestResult)[pri:0, instance:com.chauhan.Saurabh.HomePageComputerPeripherals@2ea6137]" started-at="2019-10-16T11:43:41Z" name="tearDown" finished-at="2019-10-16T11:43:41Z" duration-ms="1" status="PASS">
          <params>
            <param index="0">
              <value>
                <![CDATA[[TestResult name=validatePricingSortingFunctionality status=SUCCESS method=HomePageComputerPeripherals.validatePricingSortingFunctionality(java.lang.String)[pri:11, instance:com.chauhan.Saurabh.HomePageComputerPeripherals@2ea6137] output={null}]]]>
              </value>
            </param>
          </params>
          <reporter-output>
          </reporter-output>
        </test-method> <!-- tearDown -->
        <test-method signature="validatePricingSortingFunctionality(java.lang.String)[pri:11, instance:com.chauhan.Saurabh.HomePageComputerPeripherals@2ea6137]" started-at="2019-10-16T11:43:41Z" name="validatePricingSortingFunctionality" data-provider="pricing" finished-at="2019-10-16T11:43:55Z" duration-ms="14046" status="PASS">
          <params>
            <param index="0">
              <value>
                <![CDATA[70]]>
              </value>
            </param>
          </params>
          <reporter-output>
          </reporter-output>
        </test-method> <!-- validatePricingSortingFunctionality -->
        <test-method is-config="true" signature="tearDown(org.testng.ITestResult)[pri:0, instance:com.chauhan.Saurabh.HomePageComputerPeripherals@2ea6137]" started-at="2019-10-16T11:43:55Z" name="tearDown" finished-at="2019-10-16T11:43:55Z" duration-ms="0" status="PASS">
          <params>
            <param index="0">
              <value>
                <![CDATA[[TestResult name=validatePricingSortingFunctionality status=SUCCESS method=HomePageComputerPeripherals.validatePricingSortingFunctionality(java.lang.String)[pri:11, instance:com.chauhan.Saurabh.HomePageComputerPeripherals@2ea6137] output={null}]]]>
              </value>
            </param>
          </params>
          <reporter-output>
          </reporter-output>
        </test-method> <!-- tearDown -->
        <test-method is-config="true" signature="print()[pri:0, instance:com.chauhan.Saurabh.HomePageComputerPeripherals@2ea6137]" started-at="2019-10-16T11:43:55Z" name="print" finished-at="2019-10-16T11:43:55Z" duration-ms="0" status="PASS">
          <reporter-output>
          </reporter-output>
        </test-method> <!-- print -->
      </class> <!-- com.chauhan.Saurabh.HomePageComputerPeripherals -->
    </test> <!-- ComputerPeripheralsTest -->
    <test started-at="2019-10-16T11:43:55Z" name="HeroImageTest" finished-at="2019-10-16T11:44:27Z" duration-ms="31438">
      <class name="com.chauhan.Saurabh.HeroImageProducttestscripts">
        <test-method is-config="true" signature="startReport()[pri:0, instance:com.chauhan.Saurabh.HeroImageProducttestscripts@8e0379d]" started-at="2019-10-16T11:41:51Z" name="startReport" finished-at="2019-10-16T11:41:51Z" duration-ms="245" status="PASS">
          <reporter-output>
          </reporter-output>
        </test-method> <!-- startReport -->
        <test-method is-config="true" signature="intitailizeBrowser()[pri:0, instance:com.chauhan.Saurabh.HeroImageProducttestscripts@8e0379d]" started-at="2019-10-16T11:43:55Z" name="intitailizeBrowser" finished-at="2019-10-16T11:44:01Z" duration-ms="5434" status="PASS">
          <reporter-output>
          </reporter-output>
        </test-method> <!-- intitailizeBrowser -->
        <test-method is-config="true" signature="loadLocatorsFile()[pri:0, instance:com.chauhan.Saurabh.HeroImageProducttestscripts@8e0379d]" started-at="2019-10-16T11:44:01Z" name="loadLocatorsFile" finished-at="2019-10-16T11:44:01Z" depends-on-methods="com.chauhan.Saurabh.testBase.TestBase.intitailizeBrowser" duration-ms="4" status="PASS">
          <reporter-output>
          </reporter-output>
        </test-method> <!-- loadLocatorsFile -->
        <test-method signature="homePageRedirection()[pri:4, instance:com.chauhan.Saurabh.HeroImageProducttestscripts@8e0379d]" started-at="2019-10-16T11:44:01Z" name="homePageRedirection" finished-at="2019-10-16T11:44:01Z" duration-ms="29" status="PASS">
          <reporter-output>
          </reporter-output>
        </test-method> <!-- homePageRedirection -->
        <test-method is-config="true" signature="tearDown(org.testng.ITestResult)[pri:0, instance:com.chauhan.Saurabh.HeroImageProducttestscripts@8e0379d]" started-at="2019-10-16T11:44:01Z" name="tearDown" finished-at="2019-10-16T11:44:01Z" duration-ms="1" status="PASS">
          <params>
            <param index="0">
              <value>
                <![CDATA[[TestResult name=homePageRedirection status=SUCCESS method=HeroImageProducttestscripts.homePageRedirection()[pri:4, instance:com.chauhan.Saurabh.HeroImageProducttestscripts@8e0379d] output={null}]]]>
              </value>
            </param>
          </params>
          <reporter-output>
          </reporter-output>
        </test-method> <!-- tearDown -->
        <test-method signature="validateContents()[pri:5, instance:com.chauhan.Saurabh.HeroImageProducttestscripts@8e0379d]" started-at="2019-10-16T11:44:01Z" name="validateContents" finished-at="2019-10-16T11:44:20Z" duration-ms="19168" status="PASS">
          <reporter-output>
          </reporter-output>
        </test-method> <!-- validateContents -->
        <test-method is-config="true" signature="tearDown(org.testng.ITestResult)[pri:0, instance:com.chauhan.Saurabh.HeroImageProducttestscripts@8e0379d]" started-at="2019-10-16T11:44:20Z" name="tearDown" finished-at="2019-10-16T11:44:20Z" duration-ms="1" status="PASS">
          <params>
            <param index="0">
              <value>
                <![CDATA[[TestResult name=validateContents status=SUCCESS method=HeroImageProducttestscripts.validateContents()[pri:5, instance:com.chauhan.Saurabh.HeroImageProducttestscripts@8e0379d] output={null}]]]>
              </value>
            </param>
          </params>
          <reporter-output>
          </reporter-output>
        </test-method> <!-- tearDown -->
        <test-method signature="validateSortingFunctionality()[pri:6, instance:com.chauhan.Saurabh.HeroImageProducttestscripts@8e0379d]" started-at="2019-10-16T11:44:20Z" name="validateSortingFunctionality" finished-at="2019-10-16T11:44:21Z" duration-ms="615" status="PASS">
          <reporter-output>
          </reporter-output>
        </test-method> <!-- validateSortingFunctionality -->
        <test-method is-config="true" signature="tearDown(org.testng.ITestResult)[pri:0, instance:com.chauhan.Saurabh.HeroImageProducttestscripts@8e0379d]" started-at="2019-10-16T11:44:21Z" name="tearDown" finished-at="2019-10-16T11:44:21Z" duration-ms="1" status="PASS">
          <params>
            <param index="0">
              <value>
                <![CDATA[[TestResult name=validateSortingFunctionality status=SUCCESS method=HeroImageProducttestscripts.validateSortingFunctionality()[pri:6, instance:com.chauhan.Saurabh.HeroImageProducttestscripts@8e0379d] output={null}]]]>
              </value>
            </param>
          </params>
          <reporter-output>
          </reporter-output>
        </test-method> <!-- tearDown -->
        <test-method signature="validateSortingByDate()[pri:7, instance:com.chauhan.Saurabh.HeroImageProducttestscripts@8e0379d]" started-at="2019-10-16T11:44:21Z" name="validateSortingByDate" finished-at="2019-10-16T11:44:24Z" duration-ms="3160" status="PASS">
          <reporter-output>
          </reporter-output>
        </test-method> <!-- validateSortingByDate -->
        <test-method is-config="true" signature="tearDown(org.testng.ITestResult)[pri:0, instance:com.chauhan.Saurabh.HeroImageProducttestscripts@8e0379d]" started-at="2019-10-16T11:44:24Z" name="tearDown" finished-at="2019-10-16T11:44:24Z" duration-ms="1" status="PASS">
          <params>
            <param index="0">
              <value>
                <![CDATA[[TestResult name=validateSortingByDate status=SUCCESS method=HeroImageProducttestscripts.validateSortingByDate()[pri:7, instance:com.chauhan.Saurabh.HeroImageProducttestscripts@8e0379d] output={null}]]]>
              </value>
            </param>
          </params>
          <reporter-output>
          </reporter-output>
        </test-method> <!-- tearDown -->
        <test-method signature="validateSortingByRating()[pri:8, instance:com.chauhan.Saurabh.HeroImageProducttestscripts@8e0379d]" started-at="2019-10-16T11:44:24Z" name="validateSortingByRating" finished-at="2019-10-16T11:44:27Z" duration-ms="3022" status="PASS">
          <reporter-output>
          </reporter-output>
        </test-method> <!-- validateSortingByRating -->
        <test-method is-config="true" signature="tearDown(org.testng.ITestResult)[pri:0, instance:com.chauhan.Saurabh.HeroImageProducttestscripts@8e0379d]" started-at="2019-10-16T11:44:27Z" name="tearDown" finished-at="2019-10-16T11:44:27Z" duration-ms="0" status="PASS">
          <params>
            <param index="0">
              <value>
                <![CDATA[[TestResult name=validateSortingByRating status=SUCCESS method=HeroImageProducttestscripts.validateSortingByRating()[pri:8, instance:com.chauhan.Saurabh.HeroImageProducttestscripts@8e0379d] output={null}]]]>
              </value>
            </param>
          </params>
          <reporter-output>
          </reporter-output>
        </test-method> <!-- tearDown -->
        <test-method is-config="true" signature="print()[pri:0, instance:com.chauhan.Saurabh.HeroImageProducttestscripts@8e0379d]" started-at="2019-10-16T11:44:27Z" name="print" finished-at="2019-10-16T11:44:27Z" duration-ms="0" status="PASS">
          <reporter-output>
          </reporter-output>
        </test-method> <!-- print -->
        <test-method is-config="true" signature="endReport()[pri:0, instance:com.chauhan.Saurabh.HeroImageProducttestscripts@8e0379d]" started-at="2019-10-16T11:44:27Z" name="endReport" finished-at="2019-10-16T11:44:28Z" duration-ms="711" status="PASS">
          <reporter-output>
          </reporter-output>
        </test-method> <!-- endReport -->
      </class> <!-- com.chauhan.Saurabh.HeroImageProducttestscripts -->
    </test> <!-- HeroImageTest -->
  </suite> <!-- Suite -->
</testng-results>
