<?xml version="1.0" encoding="UTF-8"?>
<!-- Generated by org.testng.reporters.JUnitXMLReporter -->
<testsuite ignored="0" hostname="ATMECSINLT-038" failures="1" tests="7" name="HomepageTest" time="40.438" errors="0" timestamp="16 Oct 2019 11:42:31 GMT">
  <testcase classname="com.chauhan.Saurabh.HomePagetestscripts" name="homePageRedirection" time="0.057"/>
  <testcase classname="com.chauhan.Saurabh.HomePagetestscripts" name="validateProductAvilability" time="9.374">
    <failure type="org.openqa.selenium.NoSuchElementException" message="Unable to find element with xpath == //a[text()=&amp;apos;Matrox G200 MMS&amp;apos;]
For documentation on this error, please visit: https://www.seleniumhq.org/exceptions/no_such_element.html
Build info: version: &amp;apos;3.141.59&amp;apos;, revision: &amp;apos;e82be7d358&amp;apos;, time: &amp;apos;2018-11-14T08:17:03&amp;apos;
System info: host: &amp;apos;ATMECSINLT-038&amp;apos;, ip: &amp;apos;55.55.52.193&amp;apos;, os.name: &amp;apos;Windows 10&amp;apos;, os.arch: &amp;apos;amd64&amp;apos;, os.version: &amp;apos;10.0&amp;apos;, java.version: &amp;apos;12.0.1&amp;apos;
Driver info: org.openqa.selenium.ie.InternetExplorerDriver
Capabilities {acceptInsecureCerts: false, browserName: internet explorer, browserVersion: 11, javascriptEnabled: true, pageLoadStrategy: normal, platform: WINDOWS, platformName: WINDOWS, proxy: Proxy(), se:ieOptions: {browserAttachTimeout: 0, elementScrollBehavior: 0, enablePersistentHover: true, ie.browserCommandLineSwitches: , ie.ensureCleanSession: false, ie.fileUploadDialogTimeout: 3000, ie.forceCreateProcessApi: false, ignoreProtectedModeSettings: false, ignoreZoomSetting: false, initialBrowserUrl: https://www.konakart.com/ko..., nativeEvents: true, requireWindowFocus: false}, setWindowRect: true, timeouts: {implicit: 0, pageLoad: 300000, script: 30000}}
Session ID: b925097c-ce89-40bf-8cbc-dfdd2ce10f45
*** Element info: {Using=xpath, value=//a[text()=&amp;apos;Matrox G200 MMS&amp;apos;]}">
      <![CDATA[org.openqa.selenium.NoSuchElementException: Unable to find element with xpath == //a[text()='Matrox G200 MMS']
For documentation on this error, please visit: https://www.seleniumhq.org/exceptions/no_such_element.html
Build info: version: '3.141.59', revision: 'e82be7d358', time: '2018-11-14T08:17:03'
System info: host: 'ATMECSINLT-038', ip: '55.55.52.193', os.name: 'Windows 10', os.arch: 'amd64', os.version: '10.0', java.version: '12.0.1'
Driver info: org.openqa.selenium.ie.InternetExplorerDriver
Capabilities {acceptInsecureCerts: false, browserName: internet explorer, browserVersion: 11, javascriptEnabled: true, pageLoadStrategy: normal, platform: WINDOWS, platformName: WINDOWS, proxy: Proxy(), se:ieOptions: {browserAttachTimeout: 0, elementScrollBehavior: 0, enablePersistentHover: true, ie.browserCommandLineSwitches: , ie.ensureCleanSession: false, ie.fileUploadDialogTimeout: 3000, ie.forceCreateProcessApi: false, ignoreProtectedModeSettings: false, ignoreZoomSetting: false, initialBrowserUrl: https://www.konakart.com/ko..., nativeEvents: true, requireWindowFocus: false}, setWindowRect: true, timeouts: {implicit: 0, pageLoad: 300000, script: 30000}}
Session ID: b925097c-ce89-40bf-8cbc-dfdd2ce10f45
*** Element info: {Using=xpath, value=//a[text()='Matrox G200 MMS']}
at org.openqa.selenium.remote.http.W3CHttpResponseCodec.createException(W3CHttpResponseCodec.java:187)
at org.openqa.selenium.remote.http.W3CHttpResponseCodec.decode(W3CHttpResponseCodec.java:122)
at org.openqa.selenium.remote.http.W3CHttpResponseCodec.decode(W3CHttpResponseCodec.java:49)
at org.openqa.selenium.remote.HttpCommandExecutor.execute(HttpCommandExecutor.java:158)
at org.openqa.selenium.remote.service.DriverCommandExecutor.execute(DriverCommandExecutor.java:83)
at org.openqa.selenium.remote.RemoteWebDriver.execute(RemoteWebDriver.java:552)
at org.openqa.selenium.remote.RemoteWebDriver.findElement(RemoteWebDriver.java:323)
at org.openqa.selenium.remote.RemoteWebDriver.findElementByXPath(RemoteWebDriver.java:428)
at org.openqa.selenium.By$ByXPath.findElement(By.java:353)
at org.openqa.selenium.remote.RemoteWebDriver.findElement(RemoteWebDriver.java:315)
at com.chauhan.Saurabh.helpers.WebUtility.selectSelectorType(WebUtility.java:94)
at com.chauhan.Saurabh.helpers.WebUtility.getText(WebUtility.java:176)
at com.chauhan.Saurabh.pages.HomePage.isProductAvailable(HomePage.java:34)
at com.chauhan.Saurabh.HomePagetestscripts.validateProductAvilability(HomePagetestscripts.java:63)
... Removed 34 stack frames]]>
    </failure>
  </testcase> <!-- validateProductAvilability -->
  <testcase classname="com.chauhan.Saurabh.HomePagetestscripts" name="validateProductAvilability" time="4.586"/>
  <testcase classname="com.chauhan.Saurabh.HomePagetestscripts" name="validateProductAvilability" time="2.904"/>
  <testcase classname="com.chauhan.Saurabh.HomePagetestscripts" name="validateProductAvilability" time="2.789"/>
  <testcase classname="com.chauhan.Saurabh.HomePagetestscripts" name="validateErrorMessage" time="2.639"/>
  <testcase classname="com.chauhan.Saurabh.HomePagetestscripts" name="validateErrorMessage" time="2.702"/>
</testsuite> <!-- HomepageTest -->
